<?xml version="1.0" encoding="UTF-8"?>
<!-- Generated by org.testng.reporters.JUnitReportReporter -->
<testsuite hostname="JSS" failures="0" tests="1" name="TestRunner.Run" time="0.146" errors="0" timestamp="2024-09-08T21:24:46 IST" skipped="0">
  <testcase classname="TestRunner.Run" name="runScenario" time="0.146"/>
</testsuite> <!-- TestRunner.Run -->
